<?xml version="1.0" encoding="UTF-8"?>
<!-- Generated by org.testng.reporters.JUnitXMLReporter -->
<testsuite ignored="0" hostname="DESKTOP-R4JMQ25" failures="0" tests="3" name="Test" time="3654.689" errors="0" timestamp="2024-11-30T12:47:46 IST">
  <testcase classname="com.opencart.TestBase.TestBase" name="@BeforeMethod setUp" time="3620.822">
    <failure type="org.openqa.selenium.remote.NoSuchDriverException" message="Unable to obtain: chromedriver, error Command failed with code: 1, executed: [--browser, chrome, --language-binding, java, --output, json]

Build info: version: &amp;apos;4.26.0&amp;apos;, revision: &amp;apos;8ccf0219d7&amp;apos;
System info: os.name: &amp;apos;Windows 10&amp;apos;, os.arch: &amp;apos;amd64&amp;apos;, os.version: &amp;apos;10.0&amp;apos;, java.version: &amp;apos;17.0.3&amp;apos;
Driver info: driver.version: ChromeDriver">
      <![CDATA[org.openqa.selenium.remote.NoSuchDriverException: Unable to obtain: chromedriver, error Command failed with code: 1, executed: [--browser, chrome, --language-binding, java, --output, json]

Build info: version: '4.26.0', revision: '8ccf0219d7'
System info: os.name: 'Windows 10', os.arch: 'amd64', os.version: '10.0', java.version: '17.0.3'
Driver info: driver.version: ChromeDriver
at org.openqa.selenium.remote.service.DriverFinder.getBinaryPaths(DriverFinder.java:121)
at org.openqa.selenium.remote.service.DriverFinder.getDriverPath(DriverFinder.java:55)
at org.openqa.selenium.chrome.ChromeDriver.generateExecutor(ChromeDriver.java:99)
at org.openqa.selenium.chrome.ChromeDriver.<init>(ChromeDriver.java:88)
at org.openqa.selenium.chrome.ChromeDriver.<init>(ChromeDriver.java:83)
at org.openqa.selenium.chrome.ChromeDriver.<init>(ChromeDriver.java:51)
at com.opencart.TestBase.TestBase.setUp(TestBase.java:16)
at java.base/java.util.ArrayList.forEach(ArrayList.java:1511)
Caused by: org.openqa.selenium.WebDriverException: Command failed with code: 1, executed: [--browser, chrome, --language-binding, java, --output, json]

Build info: version: '4.26.0', revision: '8ccf0219d7'
System info: os.name: 'Windows 10', os.arch: 'amd64', os.version: '10.0', java.version: '17.0.3'
Driver info: driver.version: ChromeDriver
at org.openqa.selenium.manager.SeleniumManager.runCommand(SeleniumManager.java:170)
at org.openqa.selenium.manager.SeleniumManager.getBinaryPaths(SeleniumManager.java:247)
at org.openqa.selenium.remote.service.DriverFinder.getBinaryPaths(DriverFinder.java:102)
... 38 more
... Removed 31 stack frames]]>
    </failure>
  </testcase> <!-- @BeforeMethod setUp -->
  <testcase classname="com.opencart.TestBase.TestBase" name="@AfterMethod tearDown" time="0.0">
    <skipped/>
  </testcase> <!-- @AfterMethod tearDown -->
  <testcase classname="com.opencart.TestBase.TestBase" name="@BeforeMethod setUp" time="0.0">
    <skipped/>
  </testcase> <!-- @BeforeMethod setUp -->
  <testcase classname="com.opencart.TestBase.TestBase" name="@AfterMethod tearDown" time="0.0">
    <skipped/>
  </testcase> <!-- @AfterMethod tearDown -->
  <testcase classname="com.opencart.TestLayer.AddressTest" name="verifyAddressDeleteSuccessfully" time="6.542"/>
  <testcase classname="com.opencart.TestLayer.AddressTest" name="verifyAddressEditSuccessfully" time="0.0">
    <skipped/>
  </testcase> <!-- verifyAddressEditSuccessfully -->
  <testcase classname="com.opencart.TestLayer.AddressTest" name="verifyAddressSaveSuccessfully" time="0.0">
    <skipped/>
  </testcase> <!-- verifyAddressSaveSuccessfully -->
</testsuite> <!-- Test -->
